/Users/ljoeckel/Zotero/storage/GKERB99B/Python_Pandas_Cheat_Sheet_2.pdf
/Users/ljoeckel/Zotero/storage/TYUYE7BK/Python_Pandas_Cheat_Sheet_2.pdf
/Users/ljoeckel/Zotero/storage/TVHD88ZZ/O'Reilly - Java Security 2nd Edition.pdf
/Users/ljoeckel/Zotero/storage/QXWVR9XQ/Java Security 2nd Edition.pdf
/Users/ljoeckel/Zotero/storage/S74GWZW6/JensHildebrand.zip
/Users/ljoeckel/Zotero/storage/QRV3X3Q6/JensHildebrand.zip
/Users/ljoeckel/Zotero/storage/IGP579XN/20190906 Zielbild und Vorgehen Videoassistenz Rangier.pdf
/Users/ljoeckel/Zotero/storage/TTPBSWLS/20190906 Zielbild und Vorgehen Videoassistenz Rangier_en.pdf
/Users/ljoeckel/Zotero/storage/XVM9XSAX/WS01293620-1.pdf
/Users/ljoeckel/Zotero/storage/C4XYK8GD/WS01293620.pdf
/Users/ljoeckel/Zotero/storage/MHP25VD9/apache-maven.pdf
/Users/ljoeckel/Zotero/storage/WD4HF5IJ/apache-maven.pdf
/Users/ljoeckel/Zotero/storage/2LS2DDY3/Anleitung_Wandnische.pdf
/Users/ljoeckel/Zotero/storage/HMPQJYKS/BP 117 Anleitung Wandnischen.pdf
/Users/ljoeckel/Zotero/storage/XSCI4JSH/Thienel_Vex_Beispielprojekt.zip
/Users/ljoeckel/Zotero/storage/SKI3HMHT/Thienel_Vex_Beispielprojekt.zip
/Users/ljoeckel/Zotero/storage/8JIYGXKW/Core J2EE Patterns Best Practices And Design Strategies.pdf
/Users/ljoeckel/Zotero/storage/SRVKVIVQ/Java - Core J2EE Patterns Best Practices and Design Strategies.pdf
/Users/ljoeckel/Zotero/storage/4N9WPFMD/Betreibungsauszug_Martina_07_2022.pdf
/Users/ljoeckel/Zotero/storage/D2LUWGGM/Betreibungsauszug_Martina_07_2022.pdf
/Users/ljoeckel/Zotero/storage/P369TUI6/Geheimhaltungsverpflichtung SBB.jpg
/Users/ljoeckel/Zotero/storage/WW7Y32ZG/Geheimhaltungsverpflichtung SBB.jpg
/Users/ljoeckel/Zotero/storage/KNF5IGEE/Design Pattern Java Companion.pdf
/Users/ljoeckel/Zotero/storage/HURHZ53Y/Addison.Wesley.Design.Patterns.Java.Companion.pdf
/Users/ljoeckel/Zotero/storage/UT7MBZCT/122 Jöckel Abr. 2021.pdf
/Users/ljoeckel/Zotero/storage/PWWNFFNM/122 Jöckel Abr. 2021.pdf
/Users/ljoeckel/Zotero/storage/L4X378TS/01_ForsterSylejmani_AutomaticBuild_Tutorial/TargetPlatforms/xrate-platform/plugins/org.eclipse.equinox.launcher.cocoa.macosx_1.0.0.v20090519/about.html
/Users/ljoeckel/Zotero/storage/L4X378TS/01_ForsterSylejmani_AutomaticBuild_Tutorial/TargetPlatforms/xrate-platform/plugins/org.eclipse.equinox.launcher.gtk.solaris.sparc_1.0.200.v20090519/about.html
/Users/ljoeckel/Zotero/storage/QERA95VU/02_ForsterSylejmani_AutomaticTest_Tutorial/TargetPlatforms/xrate-platform/plugins/org.eclipse.equinox.launcher.gtk.solaris.x86_1.0.200.v20090519/about.html
/Users/ljoeckel/Zotero/storage/QERA95VU/02_ForsterSylejmani_AutomaticTest_Tutorial/TargetPlatforms/xrate-platform/plugins/org.eclipse.equinox.launcher.gtk.solaris.sparc_1.0.200.v20090519/about.html
/Users/ljoeckel/Zotero/storage/L4X378TS/01_ForsterSylejmani_AutomaticBuild_Tutorial/TargetPlatforms/xrate-platform/plugins/org.eclipse.equinox.launcher.cocoa.macosx.x86_64_1.0.0.v20090519/about.html
/Users/ljoeckel/Zotero/storage/L4X378TS/01_ForsterSylejmani_AutomaticBuild_Tutorial/TargetPlatforms/xrate-platform/plugins/org.eclipse.equinox.launcher.motif.aix.ppc_1.0.200.v20090519/about.html
/Users/ljoeckel/Zotero/storage/QERA95VU/02_ForsterSylejmani_AutomaticTest_Tutorial/TargetPlatforms/xrate-platform/plugins/org.eclipse.equinox.launcher.motif.aix.ppc_1.0.200.v20090519/about.html
/Users/ljoeckel/Zotero/storage/L4X378TS/01_ForsterSylejmani_AutomaticBuild_Tutorial/TargetPlatforms/xrate-platform/plugins/org.eclipse.equinox.launcher.gtk.solaris.x86_1.0.200.v20090519/about.html
/Users/ljoeckel/Zotero/storage/L4X378TS/01_ForsterSylejmani_AutomaticBuild_Tutorial/TargetPlatforms/xrate-platform/plugins/org.eclipse.equinox.launcher.wpf.win32.x86_1.0.200.v20090519/about.html
/Users/ljoeckel/Zotero/storage/QERA95VU/02_ForsterSylejmani_AutomaticTest_Tutorial/TargetPlatforms/xrate-platform/plugins/org.eclipse.equinox.launcher.motif.hpux.ia64_32_1.0.100.v20090519/about.html
/Users/ljoeckel/Zotero/storage/QERA95VU/02_ForsterSylejmani_AutomaticTest_Tutorial/TargetPlatforms/xrate-platform/plugins/org.eclipse.equinox.launcher.motif.linux.x86_1.0.200.v20090520/about.html
/Users/ljoeckel/Zotero/storage/L4X378TS/01_ForsterSylejmani_AutomaticBuild_Tutorial/TargetPlatforms/xrate-platform/plugins/org.eclipse.equinox.launcher.gtk.linux.x86_1.0.200.v20090520/about.html
/Users/ljoeckel/Zotero/storage/L4X378TS/01_ForsterSylejmani_AutomaticBuild_Tutorial/TargetPlatforms/xrate-platform/plugins/org.eclipse.equinox.launcher.motif.solaris.sparc_1.0.200.HEAD/about.html
/Users/ljoeckel/Zotero/storage/L4X378TS/01_ForsterSylejmani_AutomaticBuild_Tutorial/TargetPlatforms/xrate-platform/plugins/org.eclipse.equinox.launcher.motif.hpux.PA_RISC_1.0.100.v20090306-1900/about.html
/Users/ljoeckel/Zotero/storage/L4X378TS/01_ForsterSylejmani_AutomaticBuild_Tutorial/TargetPlatforms/xrate-platform/plugins/org.eclipse.equinox.launcher.win32.win32.x86_64_1.0.200.v20090519/about.html
/Users/ljoeckel/Zotero/storage/L4X378TS/01_ForsterSylejmani_AutomaticBuild_Tutorial/TargetPlatforms/xrate-platform/plugins/org.eclipse.equinox.launcher.carbon.macosx_1.0.200.v20090520-1835/about.html
/Users/ljoeckel/Zotero/storage/QERA95VU/02_ForsterSylejmani_AutomaticTest_Tutorial/TargetPlatforms/xrate-platform/plugins/org.eclipse.equinox.launcher.wpf.win32.x86_1.0.200.v20090519/about.html
/Users/ljoeckel/Zotero/storage/L4X378TS/01_ForsterSylejmani_AutomaticBuild_Tutorial/TargetPlatforms/xrate-platform/plugins/org.eclipse.equinox.launcher.win32.win32.x86_1.0.200.v20090519/about.html
/Users/ljoeckel/Zotero/storage/L4X378TS/01_ForsterSylejmani_AutomaticBuild_Tutorial/TargetPlatforms/xrate-platform/plugins/org.eclipse.equinox.launcher.gtk.linux.x86_64_1.0.200.v20090519/about.html
/Users/ljoeckel/Zotero/storage/L4X378TS/01_ForsterSylejmani_AutomaticBuild_Tutorial/TargetPlatforms/xrate-platform/plugins/org.eclipse.equinox.launcher.motif.linux.x86_1.0.200.v20090520/about.html
/Users/ljoeckel/Zotero/storage/QERA95VU/02_ForsterSylejmani_AutomaticTest_Tutorial/TargetPlatforms/xrate-platform/plugins/org.eclipse.equinox.launcher.motif.solaris.sparc_1.0.200.HEAD/about.html
/Users/ljoeckel/Zotero/storage/QERA95VU/02_ForsterSylejmani_AutomaticTest_Tutorial/TargetPlatforms/xrate-platform/plugins/org.eclipse.equinox.launcher.gtk.linux.x86_64_1.0.200.v20090519/about.html
/Users/ljoeckel/Zotero/storage/QERA95VU/02_ForsterSylejmani_AutomaticTest_Tutorial/TargetPlatforms/xrate-platform/plugins/org.eclipse.equinox.launcher.win32.win32.x86_1.0.200.v20090519/about.html
/Users/ljoeckel/Zotero/storage/QERA95VU/02_ForsterSylejmani_AutomaticTest_Tutorial/TargetPlatforms/xrate-platform/plugins/org.eclipse.equinox.launcher.gtk.linux.ppc_1.0.200.v20090519/about.html
/Users/ljoeckel/Zotero/storage/QERA95VU/02_ForsterSylejmani_AutomaticTest_Tutorial/TargetPlatforms/xrate-platform/plugins/org.eclipse.equinox.launcher.cocoa.macosx_1.0.0.v20090519/about.html
/Users/ljoeckel/Zotero/storage/L4X378TS/01_ForsterSylejmani_AutomaticBuild_Tutorial/TargetPlatforms/xrate-platform/plugins/org.eclipse.equinox.launcher.motif.hpux.ia64_32_1.0.100.v20090519/about.html
/Users/ljoeckel/Zotero/storage/QERA95VU/02_ForsterSylejmani_AutomaticTest_Tutorial/TargetPlatforms/xrate-platform/plugins/org.eclipse.equinox.launcher.carbon.macosx_1.0.200.v20090520-1835/about.html
/Users/ljoeckel/Zotero/storage/L4X378TS/01_ForsterSylejmani_AutomaticBuild_Tutorial/TargetPlatforms/xrate-platform/plugins/org.eclipse.equinox.launcher.gtk.linux.ppc_1.0.200.v20090519/about.html
/Users/ljoeckel/Zotero/storage/QERA95VU/02_ForsterSylejmani_AutomaticTest_Tutorial/TargetPlatforms/xrate-platform/plugins/org.eclipse.equinox.launcher.gtk.linux.x86_1.0.200.v20090520/about.html
/Users/ljoeckel/Zotero/storage/QERA95VU/02_ForsterSylejmani_AutomaticTest_Tutorial/TargetPlatforms/xrate-platform/plugins/org.eclipse.equinox.launcher.cocoa.macosx.x86_64_1.0.0.v20090519/about.html
/Users/ljoeckel/Zotero/storage/QERA95VU/02_ForsterSylejmani_AutomaticTest_Tutorial/TargetPlatforms/xrate-platform/plugins/org.eclipse.equinox.launcher.win32.win32.x86_64_1.0.200.v20090519/about.html
/Users/ljoeckel/Zotero/storage/QERA95VU/02_ForsterSylejmani_AutomaticTest_Tutorial/TargetPlatforms/xrate-platform/plugins/org.eclipse.equinox.launcher.motif.hpux.PA_RISC_1.0.100.v20090306-1900/about.html
/Users/ljoeckel/Zotero/storage/63H7LWKZ/MartinReiterer.zip
/Users/ljoeckel/Zotero/storage/ETUP7LBU/MartinReiterer.zip
/Users/ljoeckel/Zotero/storage/XXAHFB93/immozentral_com.txt
/Users/ljoeckel/Zotero/storage/2WRE6WA5/idealista.txt
/Users/ljoeckel/Zotero/storage/M5CW2TM3/Python_Matplotlib_Cheat_Sheet.pdf
/Users/ljoeckel/Zotero/storage/36X8VUQK/Python_Matplotlib_Cheat_Sheet.pdf
/Users/ljoeckel/Zotero/storage/6HRRHJKS/Tech4_20141117_125.jpg
/Users/ljoeckel/Zotero/storage/HTJP72NG/Tech4_20141117_125.jpg
/Users/ljoeckel/Zotero/storage/23G5RYLU/Tech4_20141117_116.jpg
/Users/ljoeckel/Zotero/storage/E963CQHU/Tech4_20141117_116.jpg
/Users/ljoeckel/Zotero/storage/RX7WGXFD/Sony_RX10M3_Hilfe_print.pdf
/Users/ljoeckel/Zotero/storage/LCNSQEXW/Sony_RX10M3_Handbuch.pdf
/Users/ljoeckel/Zotero/storage/RRSKPF8X/swisscom.txt
/Users/ljoeckel/Zotero/storage/NJA35M9I/tindie.com.txt
/Users/ljoeckel/Zotero/storage/FNPE2SBM/ATAS-120A.pdf
/Users/ljoeckel/Zotero/storage/SUR6Q6NB/ATAS-120A.pdf
/Users/ljoeckel/Zotero/storage/E6QZ6KR8/best_secret_ch.txt
/Users/ljoeckel/Zotero/storage/XACGTJ6S/bbc.com.txt
/Users/ljoeckel/Zotero/storage/QERA95VU/02_ForsterSylejmani_AutomaticTest_Tutorial/TargetPlatforms/xrate-platform/plugins/org.eclipse.equinox.launcher.gtk.linux.s390x_1.0.100.v20090426-1530/about.html
/Users/ljoeckel/Zotero/storage/L4X378TS/01_ForsterSylejmani_AutomaticBuild_Tutorial/TargetPlatforms/xrate-platform/plugins/org.eclipse.equinox.launcher.gtk.linux.s390x_1.0.100.v20090426-1530/about.html
/Users/ljoeckel/Zotero/storage/L4X378TS/01_ForsterSylejmani_AutomaticBuild_Tutorial/TargetPlatforms/xrate-platform/plugins/org.eclipse.equinox.launcher.gtk.linux.s390_1.0.100.v20090426-1530/about.html
/Users/ljoeckel/Zotero/storage/QERA95VU/02_ForsterSylejmani_AutomaticTest_Tutorial/TargetPlatforms/xrate-platform/plugins/org.eclipse.equinox.launcher.gtk.linux.s390_1.0.100.v20090426-1530/about.html
/Users/ljoeckel/Zotero/storage/IFWLPGUU/Brunnlieb.zip
/Users/ljoeckel/Zotero/storage/9BCTFU9W/Brunnlieb.zip
/Users/ljoeckel/Zotero/storage/8T8BE9KA/MNM Costablanca Rechnung Maklergebühr FRA L JOECKEL.pdf
/Users/ljoeckel/Zotero/storage/S3FU8H8N/MNM Costablanca Rechnung Maklergebühr FRA L JOECKEL.pdf
/Users/ljoeckel/Zotero/storage/GSRVZWBI/O'Reilly - Database Programming with JDBC and Java 2nd Edition.pdf
/Users/ljoeckel/Zotero/storage/FNSQRM3G/Java Database Programming With JDBC.pdf
/Users/ljoeckel/Zotero/storage/DE4ICFCI/refsys_d.pdf
/Users/ljoeckel/Zotero/storage/QAJ4P3LK/Topologie_Formeln_refsys_d.pdf
/Users/ljoeckel/Zotero/storage/MTCB25FC/Garbage Collection Algorithms For Automatic Dynamic Memory Management - Richard Jones.pdf
/Users/ljoeckel/Zotero/storage/2CZFXFDE/Garbage Collection Algorithms For Automatic Dynamic Memory Management - Richard Jones.pdf
/Users/ljoeckel/Zotero/storage/GRPLX8C9/HolidayCheck.txt
/Users/ljoeckel/Zotero/storage/9IXISVMU/QT.txt
/Users/ljoeckel/Zotero/storage/HTC2TQ5W/RailTransportationServiceEnvironment_RTSE.PDF
/Users/ljoeckel/Zotero/storage/8ZU8HNVT/RailTransportationServiceEnvironment_RTSE.PDF
/Users/ljoeckel/Zotero/storage/KZXE9FSH/Tech4_20141117_106.jpg
/Users/ljoeckel/Zotero/storage/V3DHSEYT/Tech4_20141117_106.jpg
/Users/ljoeckel/Zotero/storage/VYLMT6SB/vfg1272020.pdf
/Users/ljoeckel/Zotero/storage/9PQ3FMHZ/vfg1272020.pdf
/Users/ljoeckel/Zotero/storage/GY7CPZSQ/MarcTeufel.zip
/Users/ljoeckel/Zotero/storage/8KK428YB/MarcTeufel.zip
/Users/ljoeckel/Zotero/storage/TLJGZTWT/Geling-Tipp - Unterkonstruktion für Wände & Decken.pdf
/Users/ljoeckel/Zotero/storage/QGWNYWDD/Geling-Tipp - Unterkonstruktion für Wände & Decken.pdf
/Users/ljoeckel/Zotero/storage/6VNBQ2BW/Help_Guide_Z009797111.pdf
/Users/ljoeckel/Zotero/storage/2SJLGKZF/Z009797111.pdf
/Users/ljoeckel/Zotero/storage/DYINJAFC/Tech4_20141117_129.jpg
/Users/ljoeckel/Zotero/storage/XV7DQC2T/Tech4_20141117_129.jpg
/Users/ljoeckel/Zotero/storage/WJFMKKR4/infra_messtechnik_d.pdf
/Users/ljoeckel/Zotero/storage/47D47Z6C/infra_messtechnik_d.pdf
/Users/ljoeckel/Zotero/storage/U8J2AE9G/s91054-better-vision-for-computer-vision.pdf
/Users/ljoeckel/Zotero/storage/MY6UVG89/s91054-better-vision-for-computer-vision(1).pdf
/Users/ljoeckel/Zotero/storage/K4ELGN5S/Tech4_20141117_123.jpg
/Users/ljoeckel/Zotero/storage/LZXR27HM/Tech4_20141117_123.jpg
/Users/ljoeckel/Zotero/storage/7PKHVTTX/BalsigerAbels_GRR417_proof.pdf
/Users/ljoeckel/Zotero/storage/3WCCVN9F/BalsigerAbels_GRR417_proof.pdf
/Users/ljoeckel/Zotero/storage/L2V9Q9R6/soa_governance.pdf
/Users/ljoeckel/Zotero/storage/EKRJBIKW/soacon_-_schroepfer_-_soa_governance.pdf
/Users/ljoeckel/Zotero/storage/F7ZKUQ6Q/O'Reilly - JBoss 3.2 Workbook for Enterprise JavaBeans 3rd Edition.pdf
/Users/ljoeckel/Zotero/storage/VUCMVQUN/Enterprise JavaBeans - JBoss 3.2 Workbook 3rd Ed 2003.pdf
/Users/ljoeckel/Zotero/storage/BZ7B9RCI/IBM-Train-Movement-Planner_Executive-Summary[1].pptx
/Users/ljoeckel/Zotero/storage/JHACLNZF/IBM-Train-Movement-Planner_Executive-Summary[1].pptx
/Users/ljoeckel/Zotero/storage/S42XAUJV/2023-04-17_CONTRATO COMPRAVENTA COMPLETO.pdf
/Users/ljoeckel/Zotero/storage/EQ9ASEGB/CONTRATO COMPRAVENTA COMPLETO.pdf
/Users/ljoeckel/Zotero/storage/YYADQAT5/1604390085-ebook.pdf
/Users/ljoeckel/Zotero/storage/WLLE6YL4/Engoc_NeuralNetwork_Java_2nd_Editor.pdf
/Users/ljoeckel/Zotero/storage/T9YDELAD/Betreibungsauszug_Lothar_Jöckel.jpg
/Users/ljoeckel/Zotero/storage/ZFUZ4349/2013_Betreibungsauszug_Lothar_Jöckel.jpg
/Users/ljoeckel/Zotero/storage/46E4S34D/Uniflott - Für jede Anforderung das richtige Material.pdf
/Users/ljoeckel/Zotero/storage/SDWSTP2D/Uniflott - Für jede Anforderung das richtige Material.pdf
/Users/ljoeckel/Zotero/storage/QE64XLIT/Gebührenabrechnung_1679892_264419748_20211231(1).pdf
/Users/ljoeckel/Zotero/storage/5SH3UP4Q/Gebührenabrechnung_1679892_264419748_20211231.pdf
/Users/ljoeckel/Zotero/storage/ZAWUMNH3/Tech4_20141117_126.jpg
/Users/ljoeckel/Zotero/storage/7VTPT3JK/Tech4_20141117_126.jpg
/Users/ljoeckel/Zotero/storage/WWHZILXW/SD_10-2018_Schmidt_Grabowski.pdf
/Users/ljoeckel/Zotero/storage/QCKVZ6Y4/ETCS_Stellwerk_SD_10-2018_Schmidt_Grabowski.pdf
/Users/ljoeckel/Zotero/storage/WDAGJQR3/VS_347254_Kapitalbezug_220818-25362.pdf
/Users/ljoeckel/Zotero/storage/4D3KMQUT/2023-01-06 VS_347254_Kapitalbezug_220818-25362-1.pdf
/Users/ljoeckel/Zotero/storage/TAE5JIGX/horaa101.pdf
/Users/ljoeckel/Zotero/storage/Y7BCUADE/GC33-0805-01.pdf
/Users/ljoeckel/Zotero/storage/5YQ8LLU6/cnn.txt
/Users/ljoeckel/Zotero/storage/WI2DQNY2/quoka.de.txt
/Users/ljoeckel/Zotero/storage/K8TND493/bookdepository.com.txt
/Users/ljoeckel/Zotero/storage/C4J82Z7J/groups.io.txt
/Users/ljoeckel/Zotero/storage/78VXRPCU/Jeep_UConnectLive.txt
/Users/ljoeckel/Zotero/storage/4FK5L8XB/parallels.txt
/Users/ljoeckel/Zotero/storage/DICT3LJR/musixx.ch.txt
/Users/ljoeckel/Zotero/storage/ZQDLCE2L/am-sport.txt
/Users/ljoeckel/Zotero/storage/NG7JSWEM/aerzteblatt.txt
/Users/ljoeckel/Zotero/storage/GHZJT86L/aliexpress.txt
/Users/ljoeckel/Zotero/storage/ZYKWSX6Q/autoscout24.ch.txt
/Users/ljoeckel/Zotero/storage/5359PNFP/swisspass.txt
/Users/ljoeckel/Zotero/storage/NUX43WFP/vorwerk.txt
/Users/ljoeckel/Zotero/storage/6Q9NP76T/billiger-mietwagen-de.txt
/Users/ljoeckel/Zotero/storage/P7LF4B6A/wimo.txt
/Users/ljoeckel/Zotero/storage/DADCACAC/gorilla-sports-ch.txt
/Users/ljoeckel/Zotero/storage/GTX33JP9/coursera.txt
/Users/ljoeckel/Zotero/storage/B3I3J6AY/thethings_network.txt
/Users/ljoeckel/Zotero/storage/XEFWMIJX/20230501 Beglaubigte Kopie Reisepass LJ.pdf
/Users/ljoeckel/Zotero/storage/IVRKY27S/2023-05-01 Beglaubigte Kopie Reisepass LJ.pdf
/Users/ljoeckel/Zotero/storage/UK8UU966/Tech4_20141117_107.jpg
/Users/ljoeckel/Zotero/storage/UMNZ9H4X/Tech4_20141117_107.jpg
/Users/ljoeckel/Zotero/storage/8FDN7FJA/Tech4_20141117_110.jpg
/Users/ljoeckel/Zotero/storage/MUMT4Z9H/Tech4_20141117_110.jpg
/Users/ljoeckel/Zotero/storage/PZ8JXWDF/Java in 21 Days (2000).pdf
/Users/ljoeckel/Zotero/storage/6GEAJFMD/teach yourself java in 21 days.pdf
/Users/ljoeckel/Zotero/storage/KF67MSD7/microspot-ch.txt
/Users/ljoeckel/Zotero/storage/Z4P9UN6N/post_ch.txt
/Users/ljoeckel/Zotero/storage/6KP55W7R/mitoq.txt
/Users/ljoeckel/Zotero/storage/M89ELSWU/home_espana.txt
/Users/ljoeckel/Zotero/storage/2WE4C3D8/digikey.txt
/Users/ljoeckel/Zotero/storage/VEFQGUC2/anaconda.txt
/Users/ljoeckel/Zotero/storage/LJCZ2XZZ/doodle.txt
/Users/ljoeckel/Zotero/storage/E3HCWJ5C/immowelt.ch.txt
/Users/ljoeckel/Zotero/storage/7UYRITSP/iNautia.de.txt
/Users/ljoeckel/Zotero/storage/GXKNIAUV/edX.txt
/Users/ljoeckel/Zotero/storage/JR2TTY44/cpap-shop.de.txt
/Users/ljoeckel/Zotero/storage/XUE3HUYX/pmrcom_de.txt
/Users/ljoeckel/Zotero/storage/CYAWMMNK/Huawei.txt
/Users/ljoeckel/Zotero/storage/FVKBV573/heos.txt
/Users/ljoeckel/Zotero/storage/QJ55BBEN/Maning - Web Development with JSP, 2nd Edition.pdf
/Users/ljoeckel/Zotero/storage/3XUNM7W9/Web Development with JSP, 2nd Edition.pdf
/Users/ljoeckel/Zotero/storage/KZ8HXYM6/map-software-nac-de.pdf
/Users/ljoeckel/Zotero/storage/XYGWRL8D/map-software-nac-de.pdf
/Users/ljoeckel/Zotero/storage/PRMDC3MD/20240207 InBody Körperwaage.pdf
/Users/ljoeckel/Zotero/storage/P43AIQKQ/20240207 InBody Körperwaage.pdf
/Users/ljoeckel/Zotero/storage/AV6YUSE7/DZONE.txt
/Users/ljoeckel/Zotero/storage/KNCQPHIG/oracle.txt
/Users/ljoeckel/Zotero/storage/ZNJNRNH3/Vorstellung_Prototyp-sitic.pptx
/Users/ljoeckel/Zotero/storage/SDXVWAQN/Vorstellung_Prototyp-sitic.pptx
/Users/ljoeckel/Zotero/storage/Y455FCEK/Krypzcyk.zip
/Users/ljoeckel/Zotero/storage/HYHMLBXG/Krypzcyk.zip
/Users/ljoeckel/Zotero/storage/4ZX8KKQP/SR40_Machbarkeitsstudie_Lokalisierung.pdf
/Users/ljoeckel/Zotero/storage/U66LYQJF/SR40_Machbarkeitsstudie_Lokalisierung.pdf
/Users/ljoeckel/Zotero/storage/XAY68DLB/Developing Java Beans - 2001.pdf
/Users/ljoeckel/Zotero/storage/CDSEYM29/O'Reilly - Developing Java Beans.pdf
/Users/ljoeckel/Zotero/storage/9MWKYHJX/Policlinica_Glorieta_01.jpeg
/Users/ljoeckel/Zotero/storage/MM6QCRHV/Policlinica_Glorieta_01.jpeg
/Users/ljoeckel/Zotero/storage/YXMMZUKU/Policlinica_Glorieta_04.jpeg
/Users/ljoeckel/Zotero/storage/V7Q67ZXL/Policlinica_Glorieta_04.jpeg
/Users/ljoeckel/Zotero/storage/D8S6CKP8/Policlinica_Glorieta_03.jpeg
/Users/ljoeckel/Zotero/storage/GZQ75SNR/Policlinica_Glorieta_03.jpeg
/Users/ljoeckel/Zotero/storage/5Y5I5ADH/O'Reilly - Creating Effective JavaHelp.pdf
/Users/ljoeckel/Zotero/storage/8RX4P297/Creating Effective JavaHelp 2000.pdf
/Users/ljoeckel/Zotero/storage/VWZRD2LR/Genetic_Algorithmn - 04 Jennifer.ppt
/Users/ljoeckel/Zotero/storage/9FLD65UI/04 Jennifer.ppt
/Users/ljoeckel/Zotero/storage/R762HD4I/Prentice Hall - UNIX Network Programming Vol 2, 2nd Ed (Scan, Richard Stevens) - 1998 ! - (By Laxxuss).pdf
/Users/ljoeckel/Zotero/storage/799NYM5X/Prentice Hall - UNIX Network Programming Vol 2, 2nd Ed (Scan, Richard Stevens) - 1998 ! - (By Laxxuss).pdf
/Users/ljoeckel/Zotero/storage/N8BA7X42/Tech4_20141117_114.jpg
/Users/ljoeckel/Zotero/storage/DQK6QL5G/Tech4_20141117_114.jpg
/Users/ljoeckel/Zotero/storage/BI5ZWP5Z/20220803_Betriebungsauszug_Lothar_Jöckel.pdf
/Users/ljoeckel/Zotero/storage/KHRM4J6U/20220803_Betriebungsauszug_Lothar_Jöckel.pdf
/Users/ljoeckel/Zotero/storage/GLVFCWJA/Policlinica_Glorieta_02.jpeg
/Users/ljoeckel/Zotero/storage/2CKQYTW2/Policlinica_Glorieta_02.jpeg
/Users/ljoeckel/Zotero/storage/2A833527/Gebäude Lebenszyklus Management.pdf
/Users/ljoeckel/Zotero/storage/3PNT6KTR/Gebäude Lebenszyklus Management.pdf
/Users/ljoeckel/Zotero/storage/UDZXDYRF/Tech4_20141117_122.jpg
/Users/ljoeckel/Zotero/storage/LQS4PEPL/Tech4_20141117_122.jpg
/Users/ljoeckel/Zotero/storage/2UII7W9N/OneBench-EclipseCon2007-1.ppt
/Users/ljoeckel/Zotero/storage/MLERAXLY/OneBench-EclipseCon2007-1.ppt
/Users/ljoeckel/Zotero/storage/M97PEU5B/EKG 2022-04-24 18-18+0200.pdf
/Users/ljoeckel/Zotero/storage/SXT3JM8N/EKG 2022-04-24 18-18+0200.pdf
/Users/ljoeckel/Zotero/storage/V6INZL3I/MongoDB-2.6.4-manual.pdf
/Users/ljoeckel/Zotero/storage/RQBM7U8I/MongoDB_2.6.4-manual.pdf
/Users/ljoeckel/Zotero/storage/FECDS5T3/0683033.pdf
/Users/ljoeckel/Zotero/storage/ZBJG28EH/Beginners_Wire.pdf
/Users/ljoeckel/Zotero/storage/ZFJ85D3E/as3.02_admsb.pdf
/Users/ljoeckel/Zotero/storage/62RZBTB4/as3admsb.pdf
/Users/ljoeckel/Zotero/storage/K2ERNEKC/2023-02-11 Lohnausweis 2022.pdf
/Users/ljoeckel/Zotero/storage/THYECTFD/2023-02-11 Lohnausweis 2022.pdf
/Users/ljoeckel/Zotero/storage/WP4KRGFZ/Java Network Programming 2nd Edition 2002.pdf
/Users/ljoeckel/Zotero/storage/EXWQC86S/O'Reilly - Java Network Programming 2nd Edition.pdf
/Users/ljoeckel/Zotero/storage/LUGN3K8I/Lothar_Jöckel.jpg
/Users/ljoeckel/Zotero/storage/Z9M9559R/Lothar_Jöckel.jpg
/Users/ljoeckel/Zotero/storage/WISMFUQJ/Lothar_Jöckel.jpg
/Users/ljoeckel/Zotero/storage/QERA95VU/02_ForsterSylejmani_AutomaticTest_Tutorial/Readme.txt
/Users/ljoeckel/Zotero/storage/L4X378TS/01_ForsterSylejmani_AutomaticBuild_Tutorial/Readme.txt
/Users/ljoeckel/Zotero/storage/7HB99Y6P/VS_347254_Rentenausweis+(Steuer)_231206-071801.pdf
/Users/ljoeckel/Zotero/storage/76DRINZK/VS_347254_Rentenausweis+(Steuer)_231206-071801.pdf
/Users/ljoeckel/Zotero/storage/PVGE5QJJ/Designing Enterprise Applications with Java 2 Enterprise Edition 2000.pdf
/Users/ljoeckel/Zotero/storage/BUMY2QV7/O'Reilly - Designing Enterprise Applications with Java 2 Enterprise Edition.pdf
/Users/ljoeckel/Zotero/storage/PYBZ4CCX/Lebenslauf_2016.PDF
/Users/ljoeckel/Zotero/storage/ILZUZEU4/Lebenslauf_Lothar_Jöckel.PDF
/Users/ljoeckel/Zotero/storage/FVDHZVCW/IRSA+Paper_IRSA_2017_towards_automated_capacity_planning_railways_AS_SUBMITTED.pdf
/Users/ljoeckel/Zotero/storage/XRZFR8VJ/IRSA+Paper_IRSA_2017_towards_automated_capacity_planning_railways_AS_SUBMITTED.pdf
/Users/ljoeckel/Zotero/storage/LRWC55FT/kurzwellen-bandplan_Stand_10_2020.pdf
/Users/ljoeckel/Zotero/storage/P7PUJY3M/hf_r1_bandplan.pdf
/Users/ljoeckel/Zotero/storage/223ZU6I7/kurzwellen-bandplan.pdf
/Users/ljoeckel/Zotero/storage/UANCIUG2/Algebra im Selbststudium_für_ffhs_2014.pdf
/Users/ljoeckel/Zotero/storage/GD4JMW4U/Algebra im Selbststudium_für_ffhs_2014.pdf
/Users/ljoeckel/Zotero/storage/2NVGGHY6/Algebra im Selbststudium_für_ffhs_2014.pdf
/Users/ljoeckel/Zotero/storage/KVT88U2V/ch1903wgs84_d.pdf
/Users/ljoeckel/Zotero/storage/3QAVH2TS/WGS_84_ch1903wgs84_d.pdf
/Users/ljoeckel/Zotero/storage/FZYY88S8/Smartrail 4.0 Zwischenbericht.pdf
/Users/ljoeckel/Zotero/storage/KBDEBHTM/Smartrail 4.0 Zwischenbericht.pdf
